<?xml version="1.0" encoding="UTF-8"?>
<!-- Generated by org.testng.reporters.JUnitXMLReporter -->
<testsuite hostname="Dhriti" ignored="4" name="Test" tests="2" failures="2" timestamp="2020-07-07T21:48:18 EDT" time="78.12" errors="0">
  <testcase name="NavThroughAllPages" time="32.956" classname="Madhuri.AmazonE2E_Automation.NavAllPages">
    <failure type="org.openqa.selenium.NoSuchElementException" message="no such element: Unable to locate element: {&amp;quot;method&amp;quot;:&amp;quot;xpath&amp;quot;,&amp;quot;selector&amp;quot;:&amp;quot;//span[data-action=&amp;apos;a-dropdown-button&amp;apos;]&amp;quot;}
  (Session info: chrome=83.0.4103.106)
For documentation on this error, please visit: https://www.seleniumhq.org/exceptions/no_such_element.html
Build info: version: &amp;apos;3.141.59&amp;apos;, revision: &amp;apos;e82be7d358&amp;apos;, time: &amp;apos;2018-11-14T08:17:03&amp;apos;
System info: host: &amp;apos;DHRITI&amp;apos;, ip: &amp;apos;192.168.12.1&amp;apos;, os.name: &amp;apos;Windows 10&amp;apos;, os.arch: &amp;apos;amd64&amp;apos;, os.version: &amp;apos;10.0&amp;apos;, java.version: &amp;apos;1.8.0_231&amp;apos;
Driver info: org.openqa.selenium.chrome.ChromeDriver
Capabilities {acceptInsecureCerts: false, browserName: chrome, browserVersion: 83.0.4103.106, chrome: {chromedriverVersion: 83.0.4103.39 (ccbf011cb2d2b..., userDataDir: C:\Users\balaji\AppData\Loc...}, goog:chromeOptions: {debuggerAddress: localhost:59236}, javascriptEnabled: true, networkConnectionEnabled: false, pageLoadStrategy: normal, platform: WINDOWS, platformName: WINDOWS, proxy: Proxy(), setWindowRect: true, strictFileInteractability: false, timeouts: {implicit: 0, pageLoad: 300000, script: 30000}, unhandledPromptBehavior: dismiss and notify, webauthn:virtualAuthenticators: true}
Session ID: 498254c75cadcdb425474c14c6854734
*** Element info: {Using=xpath, value=//span[data-action=&amp;apos;a-dropdown-button&amp;apos;]}">
      <![CDATA[org.openqa.selenium.NoSuchElementException: no such element: Unable to locate element: {"method":"xpath","selector":"//span[data-action='a-dropdown-button']"}
  (Session info: chrome=83.0.4103.106)
For documentation on this error, please visit: https://www.seleniumhq.org/exceptions/no_such_element.html
Build info: version: '3.141.59', revision: 'e82be7d358', time: '2018-11-14T08:17:03'
System info: host: 'DHRITI', ip: '192.168.12.1', os.name: 'Windows 10', os.arch: 'amd64', os.version: '10.0', java.version: '1.8.0_231'
Driver info: org.openqa.selenium.chrome.ChromeDriver
Capabilities {acceptInsecureCerts: false, browserName: chrome, browserVersion: 83.0.4103.106, chrome: {chromedriverVersion: 83.0.4103.39 (ccbf011cb2d2b..., userDataDir: C:\Users\balaji\AppData\Loc...}, goog:chromeOptions: {debuggerAddress: localhost:59236}, javascriptEnabled: true, networkConnectionEnabled: false, pageLoadStrategy: normal, platform: WINDOWS, platformName: WINDOWS, proxy: Proxy(), setWindowRect: true, strictFileInteractability: false, timeouts: {implicit: 0, pageLoad: 300000, script: 30000}, unhandledPromptBehavior: dismiss and notify, webauthn:virtualAuthenticators: true}
Session ID: 498254c75cadcdb425474c14c6854734
*** Element info: {Using=xpath, value=//span[data-action='a-dropdown-button']}
at org.openqa.selenium.remote.http.W3CHttpResponseCodec.createException(W3CHttpResponseCodec.java:187)
at org.openqa.selenium.remote.http.W3CHttpResponseCodec.decode(W3CHttpResponseCodec.java:122)
at org.openqa.selenium.remote.http.W3CHttpResponseCodec.decode(W3CHttpResponseCodec.java:49)
at org.openqa.selenium.remote.HttpCommandExecutor.execute(HttpCommandExecutor.java:158)
at org.openqa.selenium.remote.service.DriverCommandExecutor.execute(DriverCommandExecutor.java:83)
at org.openqa.selenium.remote.RemoteWebDriver.execute(RemoteWebDriver.java:552)
at org.openqa.selenium.remote.RemoteWebDriver.findElement(RemoteWebDriver.java:323)
at org.openqa.selenium.remote.RemoteWebDriver.findElementByXPath(RemoteWebDriver.java:428)
at org.openqa.selenium.By$ByXPath.findElement(By.java:353)
at org.openqa.selenium.remote.RemoteWebDriver.findElement(RemoteWebDriver.java:315)
at Madhuri.AmazonE2E_Automation.NavAllPages.NavThroughAllPages(NavAllPages.java:41)
at java.util.ArrayList.forEach(ArrayList.java:1257)
... Removed 35 stack frames]]>
    </failure>
  </testcase> <!-- NavThroughAllPages -->
  <testcase name="getSearch" time="17.147" classname="Madhuri.AmazonE2E_Automation.AddingItemsToCart">
    <failure type="java.lang.AssertionError" message="Search test is passed expected [true] but found [false]">
      <![CDATA[java.lang.AssertionError: Search test is passed expected [true] but found [false]
at Madhuri.AmazonE2E_Automation.AddingItemsToCart.getSearch(AddingItemsToCart.java:72)
at java.util.ArrayList.forEach(ArrayList.java:1257)
... Removed 34 stack frames]]>
    </failure>
  </testcase> <!-- getSearch -->
  <testcase name="getItemsToCart" time="0.0" classname="Madhuri.AmazonE2E_Automation.AddingItemsToCart">
    <ignored/>
  </testcase> <!-- getItemsToCart -->
  <testcase name="logIn" time="0.0" classname="Madhuri.AmazonE2E_Automation.AddingItemsToCart">
    <ignored/>
  </testcase> <!-- logIn -->
  <testcase name="pageTitle" time="0.0" classname="Madhuri.AmazonE2E_Automation.AddingItemsToCart">
    <ignored/>
  </testcase> <!-- pageTitle -->
  <testcase name="createAmazonAcc" time="0.0" classname="Madhuri.AmazonE2E_Automation.AddingItemsToCart">
    <ignored/>
  </testcase> <!-- createAmazonAcc -->
</testsuite> <!-- Test -->
